<?xml version="1.0" encoding="UTF-8"?>
<!-- Generated by org.testng.reporters.JUnitXMLReporter -->
<testsuite hostname="LAPTOP-UP25RCFI" name="Default test" tests="4" failures="0" timestamp="22 Jul 2019 02:52:17 GMT" time="39.302" errors="0">
  <testcase name="accountCreationMandatoryFieldsValidationTest" time="4.732" classname="daviesgroup.techchallenge.test.Tests"/>
  <testcase name="createAccountTest" time="6.841" classname="daviesgroup.techchallenge.test.Tests"/>
  <testcase name="accountCreationWithExistingMailIDValidationTest" time="1.989" classname="daviesgroup.techchallenge.test.Tests"/>
  <testcase name="loginAndAddToCartTest" time="14.733" classname="daviesgroup.techchallenge.test.Tests"/>
</testsuite> <!-- Default test -->
