<?xml version="1.0" encoding="UTF-8"?>
<!-- Generated by org.testng.reporters.JUnitXMLReporter -->
<testsuite hostname="LAPTOP-UP25RCFI" name="LoginAndAddToCartTests" tests="4" failures="0" timestamp="21 Jul 2019 23:49:14 GMT" time="37.564" errors="0">
  <testcase name="accountCreationMandatoryFieldsValidationTest" time="4.297" classname="daviesgroup.techchallenge.test.Tests"/>
  <testcase name="createAccountTest" time="6.777" classname="daviesgroup.techchallenge.test.Tests"/>
  <testcase name="accountCreationWithExistingMailIDValidationTest" time="2.139" classname="daviesgroup.techchallenge.test.Tests"/>
  <testcase name="loginAndAddToCartTest" time="14.198" classname="daviesgroup.techchallenge.test.Tests"/>
</testsuite> <!-- LoginAndAddToCartTests -->
