<?xml version="1.0" encoding="UTF-8"?>
<!-- Generated by org.testng.reporters.JUnitXMLReporter -->
<testsuite hostname="LAPTOP-UP25RCFI" name="UITests" tests="4" failures="0" timestamp="22 Jul 2019 14:37:56 GMT" time="39.292" errors="0">
  <testcase name="accountCreationMandatoryFieldsValidationTest" time="4.917" classname="daviesgroup.techchallenge.test.Tests"/>
  <testcase name="createAccountTest" time="7.821" classname="daviesgroup.techchallenge.test.Tests"/>
  <testcase name="accountCreationWithExistingMailIDValidationTest" time="3.015" classname="daviesgroup.techchallenge.test.Tests"/>
  <testcase name="loginAndAddToCartTest" time="14.682" classname="daviesgroup.techchallenge.test.Tests"/>
</testsuite> <!-- UITests -->
